  Test project C:/oss/third_party/sundials/sundials-3.1.0-build
        Start  1: ark_analytic
   1/41 Test  #1: ark_analytic ......................................***Failed    0.06 sec
        Start  2: ark_robertson
   2/41 Test  #2: ark_robertson .....................................***Failed    0.06 sec
        Start  3: cvRoberts_dns
   3/41 Test  #3: cvRoberts_dns .....................................***Failed    0.06 sec
        Start  4: cvsRoberts_dns
   4/41 Test  #4: cvsRoberts_dns ....................................***Failed    0.06 sec
        Start  5: idaRoberts_dns
   5/41 Test  #5: idaRoberts_dns ....................................***Failed    0.06 sec
        Start  6: idasRoberts_dns
   6/41 Test  #6: idasRoberts_dns ...................................***Failed    0.06 sec
        Start  7: kinRoberts_fp
   7/41 Test  #7: kinRoberts_fp .....................................***Failed    0.06 sec
        Start  8: test_nvector_serial_1000_0
   8/41 Test  #8: test_nvector_serial_1000_0 ........................***Failed    0.06 sec
        Start  9: test_nvector_serial_10000_0
   9/41 Test  #9: test_nvector_serial_10000_0 .......................***Failed    0.06 sec
        Start 10: test_sunmatrix_dense_100_100_0
  10/41 Test #10: test_sunmatrix_dense_100_100_0 ....................***Failed    0.06 sec
        Start 11: test_sunmatrix_dense_200_1000_0
  11/41 Test #11: test_sunmatrix_dense_200_1000_0 ...................***Failed    0.06 sec
        Start 12: test_sunmatrix_dense_2000_100_0
  12/41 Test #12: test_sunmatrix_dense_2000_100_0 ...................***Failed    0.06 sec
        Start 13: test_sunmatrix_band_10_2_3_0
  13/41 Test #13: test_sunmatrix_band_10_2_3_0 ......................***Failed    0.06 sec
        Start 14: test_sunmatrix_band_300_7_4_0
  14/41 Test #14: test_sunmatrix_band_300_7_4_0 .....................***Failed    0.06 sec
        Start 15: test_sunmatrix_band_1000_8_8_0
  15/41 Test #15: test_sunmatrix_band_1000_8_8_0 ....................***Failed    0.06 sec
        Start 16: test_sunmatrix_band_5000_3_20_0
  16/41 Test #16: test_sunmatrix_band_5000_3_20_0 ...................***Failed    0.06 sec
        Start 17: test_sunmatrix_sparse_400_400_0_0
  17/41 Test #17: test_sunmatrix_sparse_400_400_0_0 .................***Failed    0.06 sec
        Start 18: test_sunmatrix_sparse_450_450_1_0
  18/41 Test #18: test_sunmatrix_sparse_450_450_1_0 .................***Failed    0.06 sec
        Start 19: test_sunmatrix_sparse_200_1000_0_0
  19/41 Test #19: test_sunmatrix_sparse_200_1000_0_0 ................***Failed    0.06 sec
        Start 20: test_sunmatrix_sparse_6000_350_0_0
  20/41 Test #20: test_sunmatrix_sparse_6000_350_0_0 ................***Failed    0.06 sec
        Start 21: test_sunmatrix_sparse_500_5000_1_0
  21/41 Test #21: test_sunmatrix_sparse_500_5000_1_0 ................***Failed    0.06 sec
        Start 22: test_sunmatrix_sparse_4000_800_1_0
  22/41 Test #22: test_sunmatrix_sparse_4000_800_1_0 ................***Failed    0.06 sec
        Start 23: test_sunlinsol_band_10_2_3_0
  23/41 Test #23: test_sunlinsol_band_10_2_3_0 ......................***Failed    0.06 sec
        Start 24: test_sunlinsol_band_300_7_4_0
  24/41 Test #24: test_sunlinsol_band_300_7_4_0 .....................***Failed    0.06 sec
        Start 25: test_sunlinsol_band_1000_8_8_0
  25/41 Test #25: test_sunlinsol_band_1000_8_8_0 ....................***Failed    0.06 sec
        Start 26: test_sunlinsol_band_5000_3_100_0
  26/41 Test #26: test_sunlinsol_band_5000_3_100_0 ..................***Failed    0.06 sec
        Start 27: test_sunlinsol_dense_10_0
  27/41 Test #27: test_sunlinsol_dense_10_0 .........................***Failed    0.06 sec
        Start 28: test_sunlinsol_dense_100_0
  28/41 Test #28: test_sunlinsol_dense_100_0 ........................***Failed    0.05 sec
        Start 29: test_sunlinsol_dense_500_0
  29/41 Test #29: test_sunlinsol_dense_500_0 ........................***Failed    0.06 sec
        Start 30: test_sunlinsol_dense_1000_0
  30/41 Test #30: test_sunlinsol_dense_1000_0 .......................***Failed    0.06 sec
        Start 31: test_sunlinsol_spgmr_serial_100_1_1_100_1e-13_0
  31/41 Test #31: test_sunlinsol_spgmr_serial_100_1_1_100_1e-13_0 ...***Failed    0.06 sec
        Start 32: test_sunlinsol_spgmr_serial_100_2_1_100_1e-13_0
  32/41 Test #32: test_sunlinsol_spgmr_serial_100_2_1_100_1e-13_0 ...***Failed    0.06 sec
        Start 33: test_sunlinsol_spgmr_serial_100_1_2_100_1e-13_0
  33/41 Test #33: test_sunlinsol_spgmr_serial_100_1_2_100_1e-13_0 ...***Failed    0.06 sec
        Start 34: test_sunlinsol_spgmr_serial_100_2_2_100_1e-13_0
  34/41 Test #34: test_sunlinsol_spgmr_serial_100_2_2_100_1e-13_0 ...***Failed    0.06 sec
        Start 35: test_sunlinsol_spfgmr_serial_100_1_100_1e-13_0
  35/41 Test #35: test_sunlinsol_spfgmr_serial_100_1_100_1e-13_0 ....***Failed    0.06 sec
        Start 36: test_sunlinsol_spfgmr_serial_100_2_100_1e-13_0
  36/41 Test #36: test_sunlinsol_spfgmr_serial_100_2_100_1e-13_0 ....***Failed    0.06 sec
        Start 37: test_sunlinsol_spbcgs_serial_100_1_100_1e-13_0
  37/41 Test #37: test_sunlinsol_spbcgs_serial_100_1_100_1e-13_0 ....***Failed    0.06 sec
        Start 38: test_sunlinsol_spbcgs_serial_100_2_100_1e-13_0
  38/41 Test #38: test_sunlinsol_spbcgs_serial_100_2_100_1e-13_0 ....***Failed    0.06 sec
        Start 39: test_sunlinsol_sptfqmr_serial_100_1_100_1e-13_0
  39/41 Test #39: test_sunlinsol_sptfqmr_serial_100_1_100_1e-13_0 ...***Failed    0.06 sec
        Start 40: test_sunlinsol_sptfqmr_serial_100_2_100_1e-13_0
  40/41 Test #40: test_sunlinsol_sptfqmr_serial_100_2_100_1e-13_0 ...***Failed    0.06 sec
        Start 41: test_sunlinsol_pcg_serial_100_200_1e-13_0
  41/41 Test #41: test_sunlinsol_pcg_serial_100_200_1e-13_0 .........***Failed    0.06 sec
  
  0% tests passed, 41 tests failed out of 41
  
  Total Test time (real) =   2.44 sec
  
  The following tests FAILED:
  	  1 - ark_analytic (Failed)
  	  2 - ark_robertson (Failed)
  	  3 - cvRoberts_dns (Failed)
  	  4 - cvsRoberts_dns (Failed)
  	  5 - idaRoberts_dns (Failed)
  	  6 - idasRoberts_dns (Failed)
  	  7 - kinRoberts_fp (Failed)
  	  8 - test_nvector_serial_1000_0 (Failed)
  	  9 - test_nvector_serial_10000_0 (Failed)
  	 10 - test_sunmatrix_dense_100_100_0 (Failed)
  	 11 - test_sunmatrix_dense_200_1000_0 (Failed)
  	 12 - test_sunmatrix_dense_2000_100_0 (Failed)
  	 13 - test_sunmatrix_band_10_2_3_0 (Failed)
  	 14 - test_sunmatrix_band_300_7_4_0 (Failed)
  	 15 - test_sunmatrix_band_1000_8_8_0 (Failed)
  	 16 - test_sunmatrix_band_5000_3_20_0 (Failed)
  	 17 - test_sunmatrix_sparse_400_400_0_0 (Failed)
  	 18 - test_sunmatrix_sparse_450_450_1_0 (Failed)
  	 19 - test_sunmatrix_sparse_200_1000_0_0 (Failed)
  	 20 - test_sunmatrix_sparse_6000_350_0_0 (Failed)
  	 21 - test_sunmatrix_sparse_500_5000_1_0 (Failed)
  	 22 - test_sunmatrix_sparse_4000_800_1_0 (Failed)
  	 23 - test_sunlinsol_band_10_2_3_0 (Failed)
  	 24 - test_sunlinsol_band_300_7_4_0 (Failed)
  	 25 - test_sunlinsol_band_1000_8_8_0 (Failed)
  	 26 - test_sunlinsol_band_5000_3_100_0 (Failed)
  	 27 - test_sunlinsol_dense_10_0 (Failed)
  	 28 - test_sunlinsol_dense_100_0 (Failed)
  	 29 - test_sunlinsol_dense_500_0 (Failed)
  	 30 - test_sunlinsol_dense_1000_0 (Failed)
  	 31 - test_sunlinsol_spgmr_serial_100_1_1_100_1e-13_0 (Failed)
  	 32 - test_sunlinsol_spgmr_serial_100_2_1_100_1e-13_0 (Failed)
  	 33 - test_sunlinsol_spgmr_serial_100_1_2_100_1e-13_0 (Failed)
  	 34 - test_sunlinsol_spgmr_serial_100_2_2_100_1e-13_0 (Failed)
  	 35 - test_sunlinsol_spfgmr_serial_100_1_100_1e-13_0 (Failed)
  	 36 - test_sunlinsol_spfgmr_serial_100_2_100_1e-13_0 (Failed)
  	 37 - test_sunlinsol_spbcgs_serial_100_1_100_1e-13_0 (Failed)
  	 38 - test_sunlinsol_spbcgs_serial_100_2_100_1e-13_0 (Failed)
  	 39 - test_sunlinsol_sptfqmr_serial_100_1_100_1e-13_0 (Failed)
  	 40 - test_sunlinsol_sptfqmr_serial_100_2_100_1e-13_0 (Failed)
  	 41 - test_sunlinsol_pcg_serial_100_200_1e-13_0 (Failed)
  Errors while running CTest
C:\Program Files (x86)\MSBuild\Microsoft.Cpp\v4.0\V140\Microsoft.CppCommon.targets(133,5): error MSB3073: The command "setlocal
C:\Program Files (x86)\MSBuild\Microsoft.Cpp\v4.0\V140\Microsoft.CppCommon.targets(133,5): error MSB3073: C:\CMake\bin\ctest.exe --force-new-ctest-process -C Release
C:\Program Files (x86)\MSBuild\Microsoft.Cpp\v4.0\V140\Microsoft.CppCommon.targets(133,5): error MSB3073: if %errorlevel% neq 0 goto :cmEnd
C:\Program Files (x86)\MSBuild\Microsoft.Cpp\v4.0\V140\Microsoft.CppCommon.targets(133,5): error MSB3073: :cmEnd
C:\Program Files (x86)\MSBuild\Microsoft.Cpp\v4.0\V140\Microsoft.CppCommon.targets(133,5): error MSB3073: endlocal & call :cmErrorLevel %errorlevel% & goto :cmDone
C:\Program Files (x86)\MSBuild\Microsoft.Cpp\v4.0\V140\Microsoft.CppCommon.targets(133,5): error MSB3073: :cmErrorLevel
C:\Program Files (x86)\MSBuild\Microsoft.Cpp\v4.0\V140\Microsoft.CppCommon.targets(133,5): error MSB3073: exit /b %1
C:\Program Files (x86)\MSBuild\Microsoft.Cpp\v4.0\V140\Microsoft.CppCommon.targets(133,5): error MSB3073: :cmDone
C:\Program Files (x86)\MSBuild\Microsoft.Cpp\v4.0\V140\Microsoft.CppCommon.targets(133,5): error MSB3073: if %errorlevel% neq 0 goto :VCEnd
C:\Program Files (x86)\MSBuild\Microsoft.Cpp\v4.0\V140\Microsoft.CppCommon.targets(133,5): error MSB3073: :VCEnd" exited with code 8.
